2026-02-21 16:21:49,112 - SESSION_START - main.py - web-uptime-monitor - visual studio code
2026-02-21 16:21:51,115 - SESSION_END - main.py - web-uptime-monitor - visual studio code - Duration: 2s
2026-02-21 16:21:51,115 - SESSION_START - website/app usage monitor
2026-02-21 16:22:03,125 - SESSION_END - website/app usage monitor - Duration: 12s
2026-02-21 16:22:13,141 - SESSION_START - website/app usage monitor
2026-02-21 16:22:33,158 - SESSION_END - website/app usage monitor - Duration: 20s
2026-02-21 16:27:24,636 - SESSION_START - requirements.txt - web-uptime-
2026-02-21 16:27:26,742 - SESSION_END - requirements.txt - web-uptime- - Duration: 2s
2026-02-21 16:27:26,742 - SESSION_START - website/app usage monitor
2026-02-21 16:27:28,749 - SESSION_END - website/app usage monitor - Duration: 2s
2026-02-21 16:27:28,749 - SESSION_START - edge
2026-02-21 16:27:36,772 - SESSION_END - edge - Duration: 8s
2026-02-21 16:27:36,772 - SESSION_START - *to archive------------- - not
2026-02-21 16:27:40,784 - SESSION_END - *to archive------------- - not - Duration: 4s
2026-02-21 16:27:40,784 - SESSION_START - website/app usage monitor
2026-02-21 16:27:48,808 - SESSION_END - website/app usage monitor - Duration: 8s
2026-02-21 16:27:48,808 - SESSION_START - invalid input
2026-02-21 16:27:50,815 - SESSION_END - invalid input - Duration: 2s
2026-02-21 16:27:50,815 - SESSION_START - website/app usage monitor
2026-02-21 16:27:58,839 - SESSION_END - website/app usage monitor - Duration: 8s
2026-02-21 16:27:58,839 - SESSION_START - invalid input
2026-02-21 16:28:00,845 - SESSION_END - invalid input - Duration: 2s
2026-02-21 16:28:00,845 - SESSION_START - website/app usage monitor
2026-02-21 16:28:08,258 - SESSION_END - website/app usage monitor - Duration: 7s
2026-02-21 16:29:10,889 - SESSION_START - requirements.txt - web-uptime-
2026-02-21 16:29:12,947 - SESSION_END - requirements.txt - web-uptime- - Duration: 2s
2026-02-21 16:29:12,947 - SESSION_START - edge
2026-02-21 16:29:18,966 - SESSION_END - edge - Duration: 6s
2026-02-21 16:29:18,967 - SESSION_START - search
2026-02-21 16:29:20,980 - SESSION_END - search - Duration: 2s
2026-02-21 16:29:20,981 - SESSION_START - chrome
2026-02-21 16:29:27,002 - SESSION_END - chrome - Duration: 6s
2026-02-21 16:29:27,002 - SESSION_START - edge
2026-02-21 16:29:31,009 - SESSION_END - edge - Duration: 4s
2026-02-21 16:29:31,009 - SESSION_START - common.css - refractored progr
2026-02-21 16:29:39,032 - SESSION_END - common.css - refractored progr - Duration: 8s
2026-02-21 16:29:39,032 - SESSION_START - projects_jan-feb - file explor
2026-02-21 16:29:43,044 - SESSION_END - projects_jan-feb - file explor - Duration: 4s
2026-02-21 16:29:43,044 - SESSION_START - common.css - refractored progr
2026-02-21 16:29:45,050 - SESSION_END - common.css - refractored progr - Duration: 2s
2026-02-21 16:29:45,050 - SESSION_START - firefox
2026-02-21 16:29:51,064 - SESSION_END - firefox - Duration: 6s
2026-02-21 16:29:51,064 - SESSION_START - edge
2026-02-21 16:30:05,107 - SESSION_END - edge - Duration: 14s
2026-02-21 16:30:05,107 - SESSION_START - common.css - refractored progr
2026-02-21 16:30:09,118 - SESSION_END - common.css - refractored progr - Duration: 4s
2026-02-21 16:30:09,118 - SESSION_START - website/app usage monitor
2026-02-21 16:30:56,949 - SESSION_END - website/app usage monitor - Duration: 48s
2026-02-23 18:41:26,636 - SESSION_START - main_window.py - web-uptime-mo
2026-02-23 18:41:28,717 - SESSION_END - main_window.py - web-uptime-mo - Duration: 2s
2026-02-23 18:41:28,717 - SESSION_START - edge
2026-02-23 18:41:30,723 - SESSION_END - edge - Duration: 2s
2026-02-23 18:41:30,723 - SESSION_START - website/app usage monitor
2026-02-23 18:41:32,731 - SESSION_END - website/app usage monitor - Duration: 2s
2026-02-23 18:41:32,731 - SESSION_START - main_window.py - web-uptime-mo
2026-02-23 18:41:34,744 - SESSION_END - main_window.py - web-uptime-mo - Duration: 2s
2026-02-23 18:41:34,744 - SESSION_START - snap assist
2026-02-23 18:41:37,000 - SESSION_END - snap assist - Duration: 2s
2026-02-23 18:41:37,000 - SESSION_START - main_window.py - web-uptime-mo
2026-02-23 18:41:39,006 - SESSION_END - main_window.py - web-uptime-mo - Duration: 2s
2026-02-23 18:41:39,006 - SESSION_START - home - file explorer
2026-02-23 18:41:45,018 - SESSION_END - home - file explorer - Duration: 6s
2026-02-23 18:41:45,018 - SESSION_START - edge
2026-02-23 18:41:57,072 - SESSION_END - edge - Duration: 12s
2026-02-23 18:41:57,072 - SESSION_START - main_window.py - web-uptime-mo
2026-02-23 18:42:01,082 - SESSION_END - main_window.py - web-uptime-mo - Duration: 4s
2026-02-23 18:42:01,082 - SESSION_START - monitor.py - web-uptime-monito
2026-02-23 18:42:03,089 - SESSION_END - monitor.py - web-uptime-monito - Duration: 2s
2026-02-23 18:42:03,089 - SESSION_START - edge
2026-02-23 18:42:13,143 - SESSION_END - edge - Duration: 10s
2026-02-23 18:42:13,143 - SESSION_START - monitor.py - web-uptime-monito
2026-02-23 18:42:15,151 - SESSION_END - monitor.py - web-uptime-monito - Duration: 2s
2026-02-23 18:42:15,151 - SESSION_START - tracked_item.py - web-uptime-m
2026-02-23 18:42:17,160 - SESSION_END - tracked_item.py - web-uptime-m - Duration: 2s
2026-02-23 18:42:17,160 - SESSION_START - edge
2026-02-23 18:42:21,173 - SESSION_END - edge - Duration: 4s
2026-02-23 18:42:21,173 - SESSION_START - tracked_item.py - web-uptime-m
2026-02-23 18:42:23,181 - SESSION_END - tracked_item.py - web-uptime-m - Duration: 2s
2026-02-23 18:42:25,240 - SESSION_START - edge
2026-02-23 18:42:29,306 - SESSION_END - edge - Duration: 4s
2026-02-23 18:42:29,306 - SESSION_START - main_window.py - web-uptime-mo
2026-02-23 18:42:33,324 - SESSION_END - main_window.py - web-uptime-mo - Duration: 4s
2026-02-23 18:42:39,352 - SESSION_START - main_window.py - web-uptime-mo
2026-02-23 18:42:41,367 - SESSION_END - main_window.py - web-uptime-mo - Duration: 2s
2026-02-23 18:42:41,367 - SESSION_START - edge
2026-02-23 18:42:49,394 - SESSION_END - edge - Duration: 8s
2026-02-23 18:42:49,394 - SESSION_START - main_window.py - web-uptime-mo
2026-02-23 18:42:51,399 - SESSION_END - main_window.py - web-uptime-mo - Duration: 2s
2026-02-23 18:42:51,399 - SESSION_START - monitor.py - web-uptime-monito
2026-02-23 18:42:57,418 - SESSION_END - monitor.py - web-uptime-monito - Duration: 6s
2026-02-23 18:43:03,467 - SESSION_START - monitor.py - web-uptime-monito
2026-02-23 18:43:31,008 - SESSION_START - visual studio code
2026-02-23 18:43:33,010 - SESSION_END - visual studio code - Duration: 2s
2026-02-23 18:43:33,010 - SESSION_START - website/app usage monitor
2026-02-23 18:43:35,012 - SESSION_END - website/app usage monitor - Duration: 2s
2026-02-23 18:43:55,069 - SESSION_START - website/app usage monitor
2026-02-23 18:43:57,074 - SESSION_END - website/app usage monitor - Duration: 2s
2026-02-23 18:43:59,211 - SESSION_START - file explorer
2026-02-23 18:44:05,230 - SESSION_END - file explorer - Duration: 6s
2026-02-23 18:44:05,230 - SESSION_START - visual studio code
2026-02-23 18:44:09,239 - SESSION_END - visual studio code - Duration: 4s
2026-02-23 18:44:09,239 - SESSION_START - file explorer
2026-02-23 18:44:09,268 - SESSION_END - file explorer - Duration: 0s
